<?xml version="1.0" encoding="utf-8" standalone="no"?>
<test-run id="2" testcasecount="0" result="Failed" label="Invalid" total="0" passed="0" failed="0" inconclusive="0" skipped="0" asserts="0" engine-version="3.4.1.0" clr-version="4.0.30319.42000" start-time="2016-08-23 08:38:32Z" end-time="2016-08-23 08:38:32Z" duration="0.009169">
  <command-line><![CDATA["\\Mac\Home\Documents\Visual Studio 2015\Projects\tryCs\packages\NUnit.ConsoleRunner.3.4.1\tools\nunit3-console.exe" ProgramTests.cs]]></command-line>
  <test-suite type="Assembly" id="0-1" name="ProgramTests.cs" fullname="\\Mac\Home\Documents\Visual Studio 2015\Projects\tryCs\ProgramTests.cs" testcasecount="0" runstate="NotRunnable" result="Failed" label="Invalid">
    <properties>
      <property name="_SKIPREASON" value="File not found: \\Mac\Home\Documents\Visual Studio 2015\Projects\tryCs\ProgramTests.cs" />
    </properties>
    <reason>
      <message>File not found: \\Mac\Home\Documents\Visual Studio 2015\Projects\tryCs\ProgramTests.cs</message>
    </reason>
  </test-suite>
</test-run>